Сборка начата 22.12.2022 08:30:14.
Уровень детализации журнала: Normal.     1>Проект "E:\Labs2sem\GVS-2022\GVS-2022\GVS-2022Ass\GVS-2022Ass.vcxproj" в узле 2 (целевые объекты Rebuild).
     1>_PrepareForClean:
         Файл "Debug\GVS-2022Ass.tlog\GVS-2022Ass.lastbuildstate" удаляется.
       InitializeBuildStatus:
         Создание "Debug\GVS-2022Ass.tlog\unsuccessfulbuild", так как было задано "AlwaysCreate".
       _MASM:
         Assembling ..\GVS-2022\out.asm...
         cmd.exe /C "C:\Users\User\AppData\Local\Temp\tmp77fe50cc065f45448f234af39ea5289a.cmd"
         ml.exe /c /nologo /Zi /Fo"Debug\out.obj" /Fl"Debug\\" /W3 /errorReport:prompt  /Ta"..\GVS-2022\out.asm"
       Link:
         C:\Program Files (x86)\Microsoft Visual Studio\2019\Community\VC\Tools\MSVC\14.29.30133\bin\HostX86\x86\link.exe /ERRORREPORT:PROMPT /OUT:"E:\Labs2sem\GVS-2022\GVS-2022\Debug\GVS-2022Ass.exe" /INCREMENTAL /ILK:"Debug\GVS-2022Ass.ilk" /NOLOGO kernel32.lib user32.lib gdi32.lib winspool.lib comdlg32.lib advapi32.lib shell32.lib ole32.lib oleaut32.lib uuid.lib odbc32.lib odbccp32.lib /MANIFEST /MANIFESTUAC:"level='asInvoker' uiAccess='false'" /manifest:embed /DEBUG /PDB:"E:\Labs2sem\GVS-2022\GVS-2022\Debug\GVS-2022Ass.pdb" /SUBSYSTEM:CONSOLE /TLBID:1 /DYNAMICBASE /NXCOMPAT /IMPLIB:"E:\Labs2sem\GVS-2022\GVS-2022\Debug\GVS-2022Ass.lib" /MACHINE:X86 Debug\out.obj
         GVS-2022Ass.vcxproj -> E:\Labs2sem\GVS-2022\GVS-2022\Debug\GVS-2022Ass.exe
       FinalizeBuildStatus:
         Файл "Debug\GVS-2022Ass.tlog\unsuccessfulbuild" удаляется.
         Обращение к "Debug\GVS-2022Ass.tlog\GVS-2022Ass.lastbuildstate".
     1>Сборка проекта "E:\Labs2sem\GVS-2022\GVS-2022\GVS-2022Ass\GVS-2022Ass.vcxproj" завершена (целевые объекты Rebuild).

Сборка успешно завершена.
    Предупреждений: 0
    Ошибок: 0

Прошло времени 00:00:00.75
