Сборка начата 22.12.2022 08:28:28.
Уровень детализации журнала: Normal.     1>Проект "E:\Labs2sem\GVS-2022\GVS-2022\GVS-2022\GVS-2022.vcxproj" в узле 2 (целевые объекты Rebuild).
     1>_PrepareForClean:
         Файл "Debug\GVS-2022.tlog\GVS-2022.lastbuildstate" удаляется.
       InitializeBuildStatus:
         Создание "Debug\GVS-2022.tlog\unsuccessfulbuild", так как было задано "AlwaysCreate".
       ClCompile:
         C:\Program Files (x86)\Microsoft Visual Studio\2019\Community\VC\Tools\MSVC\14.29.30133\bin\HostX86\x86\CL.exe /c /ZI /JMC /nologo /W3 /WX- /diagnostics:column /sdl /Od /Oy- /D WIN32 /D _DEBUG /D _CONSOLE /D _UNICODE /D UNICODE /Gm- /EHsc /RTC1 /MDd /GS /fp:precise /permissive- /Zc:wchar_t /Zc:forScope /Zc:inline /Fo"Debug\\" /Fd"Debug\vc142.pdb" /external:W3 /Gd /TP /analyze- /FC /errorReport:prompt Error.cpp FST.cpp Gen.cpp Greibach.cpp "GVS-2022.cpp" IN.cpp IT.cpp Lexica.cpp Log.cpp LT.cpp MFST.cpp parm.cpp PolishNotation.cpp Semantica.cpp
         Error.cpp
         FST.cpp
     1>E:\Labs2sem\GVS-2022\GVS-2022\GVS-2022\FST.cpp(2,9): warning C4067: непредвиденные лексемы за директивой препроцессора, требуется newline
     1>E:\Labs2sem\GVS-2022\GVS-2022\GVS-2022\FST.cpp(38,36): warning C4267: инициализация: преобразование из "size_t" в "short"; возможна потеря данных
         Gen.cpp
         Greibach.cpp
         GVS-2022.cpp
     1>E:\Labs2sem\GVS-2022\GVS-2022\GVS-2022\GVS-2022.cpp(2,9): warning C4067: непредвиденные лексемы за директивой препроцессора, требуется newline
     1>E:\Labs2sem\GVS-2022\GVS-2022\GVS-2022\GVS-2022.cpp(3,9): warning C4067: непредвиденные лексемы за директивой препроцессора, требуется newline
     1>E:\Labs2sem\GVS-2022\GVS-2022\GVS-2022\GVS-2022.cpp(4,9): warning C4067: непредвиденные лексемы за директивой препроцессора, требуется newline
     1>E:\Labs2sem\GVS-2022\GVS-2022\GVS-2022\GVS-2022.cpp(5,9): warning C4067: непредвиденные лексемы за директивой препроцессора, требуется newline
     1>E:\Labs2sem\GVS-2022\GVS-2022\GVS-2022\GVS-2022.cpp(6,9): warning C4067: непредвиденные лексемы за директивой препроцессора, требуется newline
     1>E:\Labs2sem\GVS-2022\GVS-2022\GVS-2022\GVS-2022.cpp(7,9): warning C4067: непредвиденные лексемы за директивой препроцессора, требуется newline
     1>E:\Labs2sem\GVS-2022\GVS-2022\GVS-2022\GVS-2022.cpp(8,9): warning C4067: непредвиденные лексемы за директивой препроцессора, требуется newline
     1>E:\Labs2sem\GVS-2022\GVS-2022\GVS-2022\GVS-2022.cpp(9,9): warning C4067: непредвиденные лексемы за директивой препроцессора, требуется newline
     1>E:\Labs2sem\GVS-2022\GVS-2022\GVS-2022\GVS-2022.cpp(10,9): warning C4067: непредвиденные лексемы за директивой препроцессора, требуется newline
     1>E:\Labs2sem\GVS-2022\GVS-2022\GVS-2022\GVS-2022.cpp(11,9): warning C4067: непредвиденные лексемы за директивой препроцессора, требуется newline
     1>E:\Labs2sem\GVS-2022\GVS-2022\GVS-2022\GVS-2022.cpp(12,9): warning C4067: непредвиденные лексемы за директивой препроцессора, требуется newline
     1>E:\Labs2sem\GVS-2022\GVS-2022\GVS-2022\GVS-2022.cpp(13,9): warning C4067: непредвиденные лексемы за директивой препроцессора, требуется newline
     1>E:\Labs2sem\GVS-2022\GVS-2022\GVS-2022\GVS-2022.cpp(14,9): warning C4067: непредвиденные лексемы за директивой препроцессора, требуется newline
         IN.cpp
         IT.cpp
         Lexica.cpp
         Log.cpp
         LT.cpp
         MFST.cpp
     1>E:\Labs2sem\GVS-2022\GVS-2022\GVS-2022\MFST.cpp(226,68): warning C4267: =: преобразование из "size_t" в "short"; возможна потеря данных
         parm.cpp
     1>E:\Labs2sem\GVS-2022\GVS-2022\GVS-2022\parm.cpp(5,9): warning C4067: непредвиденные лексемы за директивой препроцессора, требуется newline
         PolishNotation.cpp
     1>E:\Labs2sem\GVS-2022\GVS-2022\GVS-2022\PolishNotation.cpp(2,9): warning C4067: непредвиденные лексемы за директивой препроцессора, требуется newline
         Semantica.cpp
         Создание кода...
       Link:
         C:\Program Files (x86)\Microsoft Visual Studio\2019\Community\VC\Tools\MSVC\14.29.30133\bin\HostX86\x86\link.exe /ERRORREPORT:PROMPT /OUT:"E:\Labs2sem\GVS-2022\GVS-2022\Debug\GVS-2022.exe" /INCREMENTAL /ILK:"Debug\GVS-2022.ilk" /NOLOGO kernel32.lib user32.lib gdi32.lib winspool.lib comdlg32.lib advapi32.lib shell32.lib ole32.lib oleaut32.lib uuid.lib odbc32.lib odbccp32.lib /MANIFEST /MANIFESTUAC:"level='asInvoker' uiAccess='false'" /manifest:embed /DEBUG /PDB:"E:\Labs2sem\GVS-2022\GVS-2022\Debug\GVS-2022.pdb" /SUBSYSTEM:CONSOLE /TLBID:1 /DYNAMICBASE /NXCOMPAT /IMPLIB:"E:\Labs2sem\GVS-2022\GVS-2022\Debug\GVS-2022.lib" /MACHINE:X86 Debug\Error.obj
         Debug\FST.obj
         Debug\Gen.obj
         Debug\Greibach.obj
         "Debug\GVS-2022.obj"
         Debug\IN.obj
         Debug\IT.obj
         Debug\Lexica.obj
         Debug\Log.obj
         Debug\LT.obj
         Debug\MFST.obj
         Debug\parm.obj
         Debug\PolishNotation.obj
         Debug\Semantica.obj
         GVS-2022.vcxproj -> E:\Labs2sem\GVS-2022\GVS-2022\Debug\GVS-2022.exe
       FinalizeBuildStatus:
         Файл "Debug\GVS-2022.tlog\unsuccessfulbuild" удаляется.
         Обращение к "Debug\GVS-2022.tlog\GVS-2022.lastbuildstate".
     1>Сборка проекта "E:\Labs2sem\GVS-2022\GVS-2022\GVS-2022\GVS-2022.vcxproj" завершена (целевые объекты Rebuild).

Сборка успешно завершена.

       "E:\Labs2sem\GVS-2022\GVS-2022\GVS-2022\GVS-2022.vcxproj" (целевой объект Rebuild ) (1) ->
       (Целевой объект ClCompile) -> 
         E:\Labs2sem\GVS-2022\GVS-2022\GVS-2022\FST.cpp(2,9): warning C4067: непредвиденные лексемы за директивой препроцессора, требуется newline
         E:\Labs2sem\GVS-2022\GVS-2022\GVS-2022\FST.cpp(38,36): warning C4267: инициализация: преобразование из "size_t" в "short"; возможна потеря данных
         E:\Labs2sem\GVS-2022\GVS-2022\GVS-2022\GVS-2022.cpp(2,9): warning C4067: непредвиденные лексемы за директивой препроцессора, требуется newline
         E:\Labs2sem\GVS-2022\GVS-2022\GVS-2022\GVS-2022.cpp(3,9): warning C4067: непредвиденные лексемы за директивой препроцессора, требуется newline
         E:\Labs2sem\GVS-2022\GVS-2022\GVS-2022\GVS-2022.cpp(4,9): warning C4067: непредвиденные лексемы за директивой препроцессора, требуется newline
         E:\Labs2sem\GVS-2022\GVS-2022\GVS-2022\GVS-2022.cpp(5,9): warning C4067: непредвиденные лексемы за директивой препроцессора, требуется newline
         E:\Labs2sem\GVS-2022\GVS-2022\GVS-2022\GVS-2022.cpp(6,9): warning C4067: непредвиденные лексемы за директивой препроцессора, требуется newline
         E:\Labs2sem\GVS-2022\GVS-2022\GVS-2022\GVS-2022.cpp(7,9): warning C4067: непредвиденные лексемы за директивой препроцессора, требуется newline
         E:\Labs2sem\GVS-2022\GVS-2022\GVS-2022\GVS-2022.cpp(8,9): warning C4067: непредвиденные лексемы за директивой препроцессора, требуется newline
         E:\Labs2sem\GVS-2022\GVS-2022\GVS-2022\GVS-2022.cpp(9,9): warning C4067: непредвиденные лексемы за директивой препроцессора, требуется newline
         E:\Labs2sem\GVS-2022\GVS-2022\GVS-2022\GVS-2022.cpp(10,9): warning C4067: непредвиденные лексемы за директивой препроцессора, требуется newline
         E:\Labs2sem\GVS-2022\GVS-2022\GVS-2022\GVS-2022.cpp(11,9): warning C4067: непредвиденные лексемы за директивой препроцессора, требуется newline
         E:\Labs2sem\GVS-2022\GVS-2022\GVS-2022\GVS-2022.cpp(12,9): warning C4067: непредвиденные лексемы за директивой препроцессора, требуется newline
         E:\Labs2sem\GVS-2022\GVS-2022\GVS-2022\GVS-2022.cpp(13,9): warning C4067: непредвиденные лексемы за директивой препроцессора, требуется newline
         E:\Labs2sem\GVS-2022\GVS-2022\GVS-2022\GVS-2022.cpp(14,9): warning C4067: непредвиденные лексемы за директивой препроцессора, требуется newline
         E:\Labs2sem\GVS-2022\GVS-2022\GVS-2022\MFST.cpp(226,68): warning C4267: =: преобразование из "size_t" в "short"; возможна потеря данных
         E:\Labs2sem\GVS-2022\GVS-2022\GVS-2022\parm.cpp(5,9): warning C4067: непредвиденные лексемы за директивой препроцессора, требуется newline
         E:\Labs2sem\GVS-2022\GVS-2022\GVS-2022\PolishNotation.cpp(2,9): warning C4067: непредвиденные лексемы за директивой препроцессора, требуется newline

    Предупреждений: 18
    Ошибок: 0

Прошло времени 00:00:09.58
