e:\labs2sem\gvs-2022\gvs-2022\gvs-2022\debug\vc142.pdb
e:\labs2sem\gvs-2022\gvs-2022\gvs-2022\debug\vc142.idb
e:\labs2sem\gvs-2022\gvs-2022\gvs-2022\debug\semantica.obj
e:\labs2sem\gvs-2022\gvs-2022\gvs-2022\debug\polishnotation.obj
e:\labs2sem\gvs-2022\gvs-2022\gvs-2022\debug\parm.obj
e:\labs2sem\gvs-2022\gvs-2022\gvs-2022\debug\mfst.obj
e:\labs2sem\gvs-2022\gvs-2022\gvs-2022\debug\lt.obj
e:\labs2sem\gvs-2022\gvs-2022\gvs-2022\debug\log.obj
e:\labs2sem\gvs-2022\gvs-2022\gvs-2022\debug\lexica.obj
e:\labs2sem\gvs-2022\gvs-2022\gvs-2022\debug\it.obj
e:\labs2sem\gvs-2022\gvs-2022\gvs-2022\debug\in.obj
e:\labs2sem\gvs-2022\gvs-2022\gvs-2022\debug\gvs-2022.obj
e:\labs2sem\gvs-2022\gvs-2022\gvs-2022\debug\greibach.obj
e:\labs2sem\gvs-2022\gvs-2022\gvs-2022\debug\gen.obj
e:\labs2sem\gvs-2022\gvs-2022\gvs-2022\debug\fst.obj
e:\labs2sem\gvs-2022\gvs-2022\gvs-2022\debug\error.obj
e:\labs2sem\gvs-2022\gvs-2022\gvs-2022\debug\gvs-2022.ilk
e:\labs2sem\gvs-2022\gvs-2022\debug\gvs-2022.exe
e:\labs2sem\gvs-2022\gvs-2022\debug\gvs-2022.pdb
e:\labs2sem\gvs-2022\gvs-2022\gvs-2022\debug\gvs-2022.tlog\cl.command.1.tlog
e:\labs2sem\gvs-2022\gvs-2022\gvs-2022\debug\gvs-2022.tlog\cl.read.1.tlog
e:\labs2sem\gvs-2022\gvs-2022\gvs-2022\debug\gvs-2022.tlog\cl.write.1.tlog
e:\labs2sem\gvs-2022\gvs-2022\gvs-2022\debug\gvs-2022.tlog\link.command.1.tlog
e:\labs2sem\gvs-2022\gvs-2022\gvs-2022\debug\gvs-2022.tlog\link.read.1.tlog
e:\labs2sem\gvs-2022\gvs-2022\gvs-2022\debug\gvs-2022.tlog\link.write.1.tlog
